<?xml version="1.0" encoding="UTF-8"?>
<!-- Generated by org.testng.reporters.JUnitReportReporter -->
<testsuite skipped="0" hostname="VidyaPC" name="excelfile.Hrm_EMP" tests="1" failures="0" timestamp="19 May 2018 13:21:57 GMT" time="101.667" errors="0">
  <testcase name="Verify_Empcration" time="101.667" classname="excelfile.Hrm_EMP"/>
</testsuite> <!-- excelfile.Hrm_EMP -->
