<?xml version="1.0" encoding="UTF-8"?>
<!-- Generated by org.testng.reporters.JUnitReportReporter -->
<testsuite skipped="0" hostname="LAPTOP-MJQ3KQCM" name="Window_handles.Array_list" tests="1" failures="0" timestamp="14 May 2018 16:47:29 GMT" time="59.502" errors="0">
  <testcase name="VerifyMulitple_Windows" time="59.502" classname="Window_handles.Array_list"/>
</testsuite> <!-- Window_handles.Array_list -->
