<?xml version="1.0" encoding="UTF-8"?>
<!-- Generated by org.testng.reporters.JUnitReportReporter -->
<testsuite skipped="0" hostname="VidyaPC" name="Apr27.Table_example" tests="1" failures="0" timestamp="26 Dec 2018 00:39:52 GMT" time="616.908" errors="0">
  <testcase name="Verify_table" time="616.908" classname="Apr27.Table_example"/>
</testsuite> <!-- Apr27.Table_example -->
