<?xml version="1.0" encoding="UTF-8"?>
<!-- Generated by org.testng.reporters.JUnitReportReporter -->
<testsuite skipped="0" hostname="LAPTOP-MJQ3KQCM" name="Apr27.Table_example1" tests="1" failures="0" timestamp="03 May 2018 18:37:11 GMT" time="0.537" errors="0">
  <testcase name="table" time="0.537" classname="Apr27.Table_example1"/>
</testsuite> <!-- Apr27.Table_example1 -->
