<?xml version="1.0" encoding="UTF-8"?>
<!-- Generated by org.testng.reporters.JUnitReportReporter -->
<testsuite skipped="0" hostname="VidyaPC" name="Main_Testcase.Driverscript" tests="1" failures="0" timestamp="29 May 2018 16:30:17 GMT" time="258.244" errors="0">
  <testcase name="BranchCreation" time="258.244" classname="Main_Testcase.Driverscript"/>
</testsuite> <!-- Main_Testcase.Driverscript -->
