<?xml version="1.0" encoding="UTF-8"?>
<!-- Generated by org.testng.reporters.JUnitReportReporter -->
<testsuite skipped="0" hostname="LAPTOP-MJQ3KQCM" name="Window_handles.Using_iterator" tests="1" failures="0" timestamp="14 May 2018 17:08:04 GMT" time="71.379" errors="0">
  <testcase name="Windows_naukri" time="71.379" classname="Window_handles.Using_iterator"/>
</testsuite> <!-- Window_handles.Using_iterator -->
