<?xml version="1.0" encoding="UTF-8"?>
<!-- Generated by org.testng.reporters.JUnitReportReporter -->
<testsuite skipped="1" hostname="LAPTOP-MJQ3KQCM" name="Apr27.Second_class" tests="3" failures="0" timestamp="27 Apr 2018 14:48:55 GMT" time="0.031" errors="0">
  <testcase name="login" time="0.015" classname="Apr27.Second_class"/>
  <testcase name="reply" time="0.016" classname="Apr27.Second_class"/>
  <testcase name="compose" classname="Apr27.Second_class">
    <skipped/>
  </testcase> <!-- compose -->
</testsuite> <!-- Apr27.Second_class -->
