<?xml version="1.0" encoding="UTF-8"?>
<!-- Generated by org.testng.reporters.JUnitReportReporter -->
<testsuite skipped="0" hostname="VidyaPC" name="Apr27.First_Class" tests="3" failures="0" timestamp="14 Nov 2018 01:52:40 GMT" time="0.035" errors="0">
  <testcase name="login" time="0.007" classname="Apr27.First_Class"/>
  <testcase name="reply" time="0.013" classname="Apr27.First_Class"/>
  <testcase name="compose" time="0.015" classname="Apr27.First_Class"/>
</testsuite> <!-- Apr27.First_Class -->
