<?xml version="1.0" encoding="UTF-8"?>
<!-- Generated by org.testng.reporters.JUnitReportReporter -->
<testsuite skipped="1" hostname="LAPTOP-MJQ3KQCM" name="imp.Second_Class" tests="3" failures="0" timestamp="27 Apr 2018 02:32:21 GMT" time="0.013" errors="0">
  <testcase name="login" time="0.011" classname="imp.Second_Class"/>
  <testcase name="reply" time="0.002" classname="imp.Second_Class"/>
  <testcase name="compose" classname="imp.Second_Class">
    <skipped/>
  </testcase> <!-- compose -->
</testsuite> <!-- imp.Second_Class -->
