<?xml version="1.0" encoding="UTF-8"?>
<!-- Generated by org.testng.reporters.JUnitReportReporter -->
<testsuite skipped="0" hostname="LAPTOP-MJQ3KQCM" name="Window_handles.Window_1" tests="1" failures="0" timestamp="13 May 2018 16:22:11 GMT" time="40.001" errors="0">
  <testcase name="Verify_windowhandle" time="40.001" classname="Window_handles.Window_1"/>
</testsuite> <!-- Window_handles.Window_1 -->
