<?xml version="1.0" encoding="UTF-8"?>
<!-- Generated by org.testng.reporters.JUnitReportReporter -->
<testsuite skipped="0" hostname="LAPTOP-MJQ3KQCM" name="imp.First_Class" tests="3" failures="0" timestamp="27 Apr 2018 02:33:35 GMT" time="0.024" errors="0">
  <testcase name="login" time="0.008" classname="imp.First_Class"/>
  <testcase name="reply" time="0.004" classname="imp.First_Class"/>
  <testcase name="compose" time="0.012" classname="imp.First_Class"/>
</testsuite> <!-- imp.First_Class -->
