<?xml version="1.0" encoding="UTF-8"?>
<!-- Generated by org.testng.reporters.JUnitReportReporter -->
<testsuite skipped="0" hostname="LAPTOP-MJQ3KQCM" name="online_2.Webtour_Retesting" tests="1" failures="0" timestamp="15 May 2018 21:42:42 GMT" time="69.902" errors="0">
  <testcase name="Register" time="69.902" classname="online_2.Webtour_Retesting"/>
</testsuite> <!-- online_2.Webtour_Retesting -->
