<?xml version="1.0" encoding="UTF-8"?>
<!-- Generated by org.testng.reporters.JUnitReportReporter -->
<testsuite skipped="0" hostname="LAPTOP-MJQ3KQCM" name="Apr27.Table_Example3" tests="1" failures="0" timestamp="04 May 2018 13:38:10 GMT" time="158.569" errors="0">
  <testcase name="Table" time="158.569" classname="Apr27.Table_Example3"/>
</testsuite> <!-- Apr27.Table_Example3 -->
