<?xml version="1.0" encoding="UTF-8"?>
<!-- Generated by org.testng.reporters.JUnitReportReporter -->
<testsuite skipped="0" hostname="LAPTOP-MJQ3KQCM" name="Apr27.Table_Example2" tests="1" failures="0" timestamp="04 May 2018 03:53:55 GMT" time="3.938" errors="0">
  <testcase name="Table" time="3.938" classname="Apr27.Table_Example2"/>
</testsuite> <!-- Apr27.Table_Example2 -->
