<?xml version="1.0" encoding="UTF-8"?>
<!-- Generated by org.testng.reporters.JUnitReportReporter -->
<testsuite skipped="0" hostname="VidyaPC" name="utils.Using_XLutils_Methods" tests="1" failures="0" timestamp="24 May 2018 20:11:01 GMT" time="2.375" errors="0">
  <testcase name="xlmethods" time="2.375" classname="utils.Using_XLutils_Methods"/>
</testsuite> <!-- utils.Using_XLutils_Methods -->
