<?xml version="1.0" encoding="UTF-8"?>
<!-- Generated by org.testng.reporters.JUnitReportReporter -->
<testsuite skipped="0" hostname="VidyaPC" name="utils.XL_Util" tests="1" failures="0" timestamp="24 May 2018 21:03:18 GMT" time="154.751" errors="0">
  <testcase name="Verify_EmpCreation" time="154.751" classname="utils.XL_Util"/>
</testsuite> <!-- utils.XL_Util -->
