<?xml version="1.0" encoding="UTF-8"?>
<!-- Generated by org.testng.reporters.JUnitReportReporter -->
<testsuite skipped="0" hostname="VidyaPC" name="Main_Testcase.TestScript" tests="2" failures="0" timestamp="28 May 2018 16:33:16 GMT" time="106.980" errors="0">
  <testcase name="BranchUpdation" time="42.197" classname="Main_Testcase.TestScript"/>
  <testcase name="BranchCreation" time="64.783" classname="Main_Testcase.TestScript"/>
</testsuite> <!-- Main_Testcase.TestScript -->
