<?xml version="1.0" encoding="UTF-8"?>
<!-- Generated by org.testng.reporters.JUnitReportReporter -->
<testsuite skipped="0" hostname="VidyaPC" name="Dataprovide.Datasupply" tests="3" failures="0" timestamp="29 May 2018 16:56:10 GMT" time="26.227" errors="0">
  <testcase name="Login" time="9.847" classname="Dataprovide.Datasupply"/>
  <testcase name="Login" time="8.318" classname="Dataprovide.Datasupply"/>
  <testcase name="Login" time="8.062" classname="Dataprovide.Datasupply"/>
</testsuite> <!-- Dataprovide.Datasupply -->
