<?xml version="1.0" encoding="UTF-8"?>
<!-- Generated by org.testng.reporters.JUnitReportReporter -->
<testsuite skipped="0" hostname="LAPTOP-MJQ3KQCM" name="April3.Webtour_OR" tests="2" failures="0" timestamp="07 May 2018 17:13:53 GMT" time="40.388" errors="0">
  <testcase name="verify_Login" time="15.333" classname="April3.Webtour_OR"/>
  <testcase name="Verify_Register" time="25.055" classname="April3.Webtour_OR"/>
</testsuite> <!-- April3.Webtour_OR -->
